{"Command":"extension preview --debug","Env":"api.fynd.com","Node":"v22.11.0","OS":"darwin","cli":"v6.2.4","level":"debug","message":"Current env: api.fynd.com","timestamp":"2024-12-05 18:34:57"}
{"Command":"extension preview --debug","Env":"api.fynd.com","Node":"v22.11.0","OS":"darwin","cli":"v6.2.4","level":"debug","message":"Using development company 9294 from extension context file\n","timestamp":"2024-12-05 18:34:58"}
{"Command":"extension preview --debug","Env":"api.fynd.com","Node":"v22.11.0","OS":"darwin","cli":"v6.2.4","level":"debug","message":"************** CURL **************","timestamp":"2024-12-05 18:34:59"}
{"Command":"extension preview --debug","Env":"api.fynd.com","Node":"v22.11.0","OS":"darwin","cli":"v6.2.4","level":"debug","message":"METHOD: GET | PATH: https://api.fynd.com/service/partner/partners/v1.0/organization/6720b51d25f94c22e87376a5/extension/674703995812d6522d873797","timestamp":"2024-12-05 18:34:59"}
{"Command":"extension preview --debug","Env":"api.fynd.com","Node":"v22.11.0","OS":"darwin","cli":"v6.2.4","level":"debug","message":"curl --include --request GET 'https://api.fynd.com/service/partner/partners/v1.0/organization/6720b51d25f94c22e87376a5/extension/674703995812d6522d873797' --header 'content-type: application/json' --header 'x-fp-cli: 6.2.4' --header 'authorization: Bearer pr-93e51e910ae5f2f437ea4cb6fdc0ee71e3c5359b' --header 'x-fp-date: 20241205T130458Z' --header 'x-fp-signature: v1.1:306ca6eb651bb216b31d7dc836e1abf7be6a81472dd761bf849aa94ec9835b33'","timestamp":"2024-12-05 18:34:59"}
{"Command":"extension preview --debug","Env":"api.fynd.com","Node":"v22.11.0","OS":"darwin","cli":"v6.2.4","level":"debug","message":"************** END OF CURL **************","timestamp":"2024-12-05 18:34:59"}
{"Command":"extension preview --debug","Env":"api.fynd.com","Node":"v22.11.0","OS":"darwin","cli":"v6.2.4","level":"debug","message":"Response status: 200","timestamp":"2024-12-05 18:34:59"}
{"Command":"extension preview --debug","Env":"api.fynd.com","Node":"v22.11.0","OS":"darwin","cli":"v6.2.4","level":"debug","message":"Response: {\"logo\":{\"small\":\"https://res.cloudinary.com/dwzm9bysq/image/upload/v1566539375/production/media/store/logo/jwosxsgh9ufoucdxpm10.png\",\"large\":\"https://res.cloudinary.com/dwzm9bysq/image/upload/v1566539375/production/media/store/logo/jwosxsgh9ufoucdxpm10.png\"},\"callbacks\":{\"setup\":\"https://atmosphere-mild-irc-commit.trycloudflare.com/fp/setup\",\"auth\":\"https://atmosphere-mild-irc-commit.trycloudflare.com/fp/auth\",\"install\":\"https://atmosphere-mild-irc-commit.trycloudflare.com/fp/install\",\"uninstall\":\"https://atmosphere-mild-irc-commit.trycloudflare.com/fp/uninstall\",\"auto_install\":\"https://atmosphere-mild-irc-commit.trycloudflare.com/fp/auto_install\"},\"partner\":{\"callbacks\":{\"auth\":\"https://parameters-ok-boy-explaining.trycloudflare.com/adm/auth\",\"install\":\"https://parameters-ok-boy-explaining.trycloudflare.com/adm/install\"}},\"_id\":\"674703995812d6522d873797\",\"name\":\"Logistic Extension Final\",\"description\":\"\",\"base_url\":\"https://atmosphere-mild-irc-commit.trycloudflare.com\",\"whitelisted_urls\":[],\"ext_version\":\"1.0\",\"extention_type\":\"public\",\"organization_id\":\"6720b51d25f94c22e87376a5\",\"contact_email\":\"parasjain@gofynd.com\",\"scope\":[\"company/profile\",\"company/saleschannel\",\"company/order\",\"company/product\",\"company/application/customer\",\"company/application/analytics\",\"company/application/communication\",\"company/application/settings\",\"company/application/support\",\"company/application/marketing/coupon/creator\",\"company/application/marketing/coupon/verifier\",\"company/application/marketing/promotion/creator\",\"company/application/marketing/promotion/verifier\",\"company/application/marketing/collection\",\"company/application/marketing/shortlinks\",\"company/application/marketing/blogs\",\"company/application/marketing/pages\",\"company/application/marketing/rewards\"],\"developed_by_name\":\"Paras Jain Test Account for Fynd\",\"is_hidden\":false,\"launch_type\":\"logistics\",\"created_at\":\"2024-11-27T11:33:45.327Z\",\"modified_at\":\"2024-12-05T11:51:52.809Z\",\"__v\":8,\"admin_launch_url\":\"https://parameters-ok-boy-explaining.trycloudflare.com/adm/install?organization_id=6720b51d25f94c22e87376a5&cluster_url=https%3A%2F%2Fapi.fynd.com&client_id=674703995812d6522d873797\",\"client_data\":{\"client_id\":\"674703995812d6522d873797\",\"secret\":[\"Fj5Z5XAiqi8dggX\"]},\"current_status\":\"not_listed\",\"extensionPublished\":false}","timestamp":"2024-12-05 18:34:59"}
{"Command":"extension preview --debug","Env":"api.fynd.com","Node":"v22.11.0","OS":"darwin","cli":"v6.2.4","level":"debug","message":"Response Headers: {\"date\":\"Thu, 05 Dec 2024 13:04:59 GMT\",\"content-type\":\"application/json; charset=utf-8\",\"content-length\":\"2313\",\"connection\":\"keep-alive\",\"strict-transport-security\":\"max-age=63072000; includeSubdomains, max-age=15552000; includeSubDomains\",\"x-content-type-options\":\"nosniff, nosniff\",\"referrer-policy\":\"origin, no-referrer\",\"origin-agent-cluster\":\"?1\",\"x-dns-prefetch-control\":\"off\",\"x-download-options\":\"noopen\",\"x-xss-protection\":\"0\",\"etag\":\"W/\\\"909-IPLzp2Y+7SNYfQZcJhektsp6JQs\\\"\",\"x-fynd-trace-id\":\"e2c9ac5812948d5b1254667dcc095b91\",\"x-fynd-response-id\":\"3ccc56b0c9dd9c71e0c636991b5ddccf/9620819599552861247\",\"via\":\"1.1 google\",\"alt-svc\":\"h3=\\\":443\\\"; ma=86400\",\"cf-cache-status\":\"DYNAMIC\",\"set-cookie\":[\"__cf_bm=gf5l4h0reAUfIVhLdBDpmV8HIOXOirLEsLxEzZaRwiY-1733403899-1.0.1.1-RM5Ki1BTfI6_nblf0f4HMv6LGCX6XNsWgWIf337N__z1zB55JUQnNbRDkvb6aAos3Rd5Qp_GmWhqKnY7CCTq4w; path=/; expires=Thu, 05-Dec-24 13:34:59 GMT; domain=.fynd.com; HttpOnly; Secure; SameSite=None\"],\"server\":\"cloudflare\",\"cf-ray\":\"8ed43ec18ffd3b4c-BOM\"}","timestamp":"2024-12-05 18:34:59"}
{"Command":"extension preview --debug","Env":"api.fynd.com","Node":"v22.11.0","OS":"darwin","cli":"v6.2.4","level":"debug","message":"Using Extension Logistic Extension Final with API Key 674703995812d6522d873797 from extension context file\n","timestamp":"2024-12-05 18:34:59"}
{"Command":"extension preview --debug","Env":"api.fynd.com","Node":"v22.11.0","OS":"darwin","cli":"v6.2.4","level":"info","message":"\n\n      ┌──────────────────────────────────────────────────────┐\n      │                                                      │\n      │                                                      │\n      │      \u001b[1m\u001b[32mUsing below details from extension context\u001b[39m\u001b[22m      │\n      │      \u001b[1m\u001b[32m\u001b[39m\u001b[22m                                                │\n      │      \u001b[1m\u001b[32m\u001b[36m\u001b[1mDevelopment Company:\u001b[22m\u001b[1m\u001b[39m\u001b[32m 9294\u001b[39m\u001b[22m                       │\n      │      \u001b[1m\u001b[32m\u001b[36m\u001b[1mExtension:\u001b[22m\u001b[1m\u001b[39m\u001b[32m Logistic Extension Final\u001b[39m\u001b[22m             │\n      │                                                      │\n      │                                                      │\n      └──────────────────────────────────────────────────────┘\n\n","timestamp":"2024-12-05 18:34:59"}
{"Command":"extension preview --debug","Env":"api.fynd.com","Node":"v22.11.0","OS":"darwin","cli":"v6.2.4","level":"info","message":"Installing dependencies for backend project","timestamp":"2024-12-05 18:34:59"}
{"Command":"extension preview --debug","Env":"api.fynd.com","Node":"v22.11.0","OS":"darwin","cli":"v6.2.4","level":"info","message":"Successfully Installed dependencies for backend project\n\n","timestamp":"2024-12-05 18:35:00"}
{"Command":"extension preview --debug","Env":"api.fynd.com","Node":"v22.11.0","OS":"darwin","cli":"v6.2.4","level":"info","message":"Installing dependencies for frontend project","timestamp":"2024-12-05 18:35:00"}
{"Command":"extension preview --debug","Env":"api.fynd.com","Node":"v22.11.0","OS":"darwin","cli":"v6.2.4","level":"info","message":"Successfully Installed dependencies for frontend project\n\n","timestamp":"2024-12-05 18:35:04"}
{"Command":"extension preview --debug","Env":"api.fynd.com","Node":"v22.11.0","OS":"darwin","cli":"v6.2.4","level":"debug","message":"Starting tunnel on port 49720","timestamp":"2024-12-05 18:35:04"}
{"Command":"extension preview --debug","Env":"api.fynd.com","Node":"v22.11.0","OS":"darwin","cli":"v6.2.4","level":"debug","message":"Response status: 200","timestamp":"2024-12-05 18:35:11"}
{"Command":"extension preview --debug","Env":"api.fynd.com","Node":"v22.11.0","OS":"darwin","cli":"v6.2.4","level":"debug","message":"Response: {\"message\":\"Updated successfully\"}","timestamp":"2024-12-05 18:35:11"}
{"Command":"extension preview --debug","Env":"api.fynd.com","Node":"v22.11.0","OS":"darwin","cli":"v6.2.4","level":"debug","message":"Response Headers: {\"date\":\"Thu, 05 Dec 2024 13:05:11 GMT\",\"content-type\":\"application/json; charset=utf-8\",\"content-length\":\"34\",\"connection\":\"keep-alive\",\"strict-transport-security\":\"max-age=63072000; includeSubdomains, max-age=15552000; includeSubDomains\",\"x-content-type-options\":\"nosniff, nosniff\",\"referrer-policy\":\"origin, no-referrer\",\"origin-agent-cluster\":\"?1\",\"x-dns-prefetch-control\":\"off\",\"x-download-options\":\"noopen\",\"x-xss-protection\":\"0\",\"etag\":\"W/\\\"22-lXM8Uz2GUyXTKE4UlnpCc0IKN8s\\\"\",\"x-fynd-trace-id\":\"c7ce364ef6a11c12d096d97642ce7eba\",\"x-fynd-response-id\":\"240b26ead648c1b72bc74ecd8e5c9b71/7301076375666040522\",\"via\":\"1.1 google\",\"alt-svc\":\"h3=\\\":443\\\"; ma=86400\",\"cf-cache-status\":\"DYNAMIC\",\"set-cookie\":[\"__cf_bm=.PduxypeU27cN0j79hv6JBLwD_tXU48C_9XtGlyQJSk-1733403911-1.0.1.1-Rr_3kaJBvDfjpnxz8HkB8EoZNKo1K82KbJUZZZG_PfKnXjNLx2DwJMjuZDDkiG01OMvNbuajMCQ5QUcQefb5yQ; path=/; expires=Thu, 05-Dec-24 13:35:11 GMT; domain=.fynd.com; HttpOnly; Secure; SameSite=None\"],\"server\":\"cloudflare\",\"cf-ray\":\"8ed43f0d8f613a46-BOM\"}","timestamp":"2024-12-05 18:35:11"}
{"Command":"extension preview --debug","Env":"api.fynd.com","Node":"v22.11.0","OS":"darwin","cli":"v6.2.4","level":"debug","message":"TUNNEL URL: (\u001b[4m\u001b[34mhttps://hawaii-barbados-dark-continuously.trycloudflare.com\u001b[39m\u001b[24m)","timestamp":"2024-12-05 18:35:12"}
{"Command":"extension preview --debug","Env":"api.fynd.com","Node":"v22.11.0","OS":"darwin","cli":"v6.2.4","level":"info","message":"\n\n      ┌────────────────────────────────────────────────────────────────────────────────────────────────────────────┐\n      │                                                                                                            │\n      │                                                                                                            │\n      │      \u001b[1m\u001b[32mhttps://platform.fynd.com/company/9294/extensions/674703995812d6522d873797 Extension preview URL\u001b[39m\u001b[22m      │\n      │                                                                                                            │\n      │                                                                                                            │\n      └────────────────────────────────────────────────────────────────────────────────────────────────────────────┘\n\n","timestamp":"2024-12-05 18:35:12"}
{"Command":"extension preview --debug","Env":"api.fynd.com","Node":"v22.11.0","OS":"darwin","cli":"v6.2.4","level":"info","message":"Tunnel connection established","timestamp":"2024-12-05 18:35:12"}
{"Command":"extension preview --debug","Env":"api.fynd.com","Node":"v22.11.0","OS":"darwin","cli":"v6.2.4","level":"warn","message":"Retrying to connect tunnel...","timestamp":"2024-12-05 20:14:17"}
{"Command":"extension preview --debug","Env":"api.fynd.com","Node":"v22.11.0","OS":"darwin","cli":"v6.2.4","level":"info","message":"Tunnel connection established","timestamp":"2024-12-05 20:14:37"}
{"Command":"extension preview --debug","Env":"api.fynd.com","Node":"v22.11.0","OS":"darwin","cli":"v6.2.4","level":"warn","message":"Retrying to connect tunnel...","timestamp":"2024-12-05 21:03:22"}
{"Command":"extension preview --debug","Env":"api.fynd.com","Node":"v22.11.0","OS":"darwin","cli":"v6.2.4","level":"warn","message":"Retrying to connect tunnel...","timestamp":"2024-12-05 21:06:08"}
{"Command":"extension preview --debug","Env":"api.fynd.com","Node":"v22.11.0","OS":"darwin","cli":"v6.2.4","level":"warn","message":"Retrying to connect tunnel...","timestamp":"2024-12-05 21:21:43"}
{"Command":"extension preview --debug","Env":"api.fynd.com","Node":"v22.11.0","OS":"darwin","cli":"v6.2.4","level":"warn","message":"Retrying to connect tunnel...","timestamp":"2024-12-05 23:31:50"}
{"Command":"extension preview --debug","Env":"api.fynd.com","Node":"v22.11.0","OS":"darwin","cli":"v6.2.4","level":"warn","message":"Retrying to connect tunnel...","timestamp":"2024-12-05 23:31:55"}
{"Command":"extension preview --debug","Env":"api.fynd.com","Node":"v22.11.0","OS":"darwin","cli":"v6.2.4","level":"warn","message":"Retrying to connect tunnel...","timestamp":"2024-12-06 03:37:59"}
{"Command":"extension preview --debug","Env":"api.fynd.com","Node":"v22.11.0","OS":"darwin","cli":"v6.2.4","level":"warn","message":"Retrying to connect tunnel...","timestamp":"2024-12-06 06:07:37"}
{"Command":"extension preview --debug","Env":"api.fynd.com","Node":"v22.11.0","OS":"darwin","cli":"v6.2.4","level":"warn","message":"Retrying to connect tunnel...","timestamp":"2024-12-06 12:16:11"}
{"Command":"extension preview --debug","Env":"api.fynd.com","Node":"v22.11.0","OS":"darwin","cli":"v6.2.4","level":"warn","message":"Retrying to connect tunnel...","timestamp":"2024-12-06 12:21:11"}
{"Command":"extension preview --debug","Env":"api.fynd.com","Node":"v22.11.0","OS":"darwin","cli":"v6.2.4","level":"warn","message":"Retrying to connect tunnel...","timestamp":"2024-12-06 12:26:11"}
{"Command":"extension preview --debug","Env":"api.fynd.com","Node":"v22.11.0","OS":"darwin","cli":"v6.2.4","level":"warn","message":"Retrying to connect tunnel...","timestamp":"2024-12-06 12:26:50"}
{"Command":"extension preview --debug","Env":"api.fynd.com","Node":"v22.11.0","OS":"darwin","cli":"v6.2.4","level":"warn","message":"Retrying to connect tunnel...","timestamp":"2024-12-06 12:27:43"}
{"Command":"extension preview --debug","Env":"api.fynd.com","Node":"v22.11.0","OS":"darwin","cli":"v6.2.4","level":"warn","message":"Retrying to connect tunnel...","timestamp":"2024-12-06 12:31:24"}
{"Command":"extension preview --debug","Env":"api.fynd.com","Node":"v22.11.0","OS":"darwin","cli":"v6.2.4","level":"warn","message":"Retrying to connect tunnel...","timestamp":"2024-12-06 12:34:05"}
{"Command":"extension preview --debug","Env":"api.fynd.com","Node":"v22.11.0","OS":"darwin","cli":"v6.2.4","level":"warn","message":"Retrying to connect tunnel...","timestamp":"2024-12-06 12:38:46"}
{"Command":"extension preview --debug","Env":"api.fynd.com","Node":"v22.11.0","OS":"darwin","cli":"v6.2.4","level":"warn","message":"Retrying to connect tunnel...","timestamp":"2024-12-06 12:43:18"}
{"Command":"extension preview --debug","Env":"api.fynd.com","Node":"v22.11.0","OS":"darwin","cli":"v6.2.4","level":"warn","message":"Retrying to connect tunnel...","timestamp":"2024-12-06 12:47:30"}
{"Command":"extension preview --debug","Env":"api.fynd.com","Node":"v22.11.0","OS":"darwin","cli":"v6.2.4","level":"warn","message":"Retrying to connect tunnel...","timestamp":"2024-12-06 12:52:44"}
{"Command":"extension preview --debug","Env":"api.fynd.com","Node":"v22.11.0","OS":"darwin","cli":"v6.2.4","level":"warn","message":"Retrying to connect tunnel...","timestamp":"2024-12-06 12:56:04"}
{"Command":"extension preview --debug","Env":"api.fynd.com","Node":"v22.11.0","OS":"darwin","cli":"v6.2.4","level":"warn","message":"Retrying to connect tunnel...","timestamp":"2024-12-06 12:57:43"}
{"Command":"extension preview --debug","Env":"api.fynd.com","Node":"v22.11.0","OS":"darwin","cli":"v6.2.4","level":"warn","message":"Retrying to connect tunnel...","timestamp":"2024-12-06 13:02:48"}
{"Command":"extension preview --debug","Env":"api.fynd.com","Node":"v22.11.0","OS":"darwin","cli":"v6.2.4","level":"warn","message":"Retrying to connect tunnel...","timestamp":"2024-12-06 13:04:02"}
{"Command":"extension preview --debug","Env":"api.fynd.com","Node":"v22.11.0","OS":"darwin","cli":"v6.2.4","level":"warn","message":"Retrying to connect tunnel...","timestamp":"2024-12-06 13:05:31"}
{"Command":"extension preview --debug","Env":"api.fynd.com","Node":"v22.11.0","OS":"darwin","cli":"v6.2.4","level":"warn","message":"Retrying to connect tunnel...","timestamp":"2024-12-06 13:08:55"}
{"Command":"extension preview --debug","Env":"api.fynd.com","Node":"v22.11.0","OS":"darwin","cli":"v6.2.4","level":"warn","message":"Retrying to connect tunnel...","timestamp":"2024-12-06 13:11:11"}
{"Command":"extension preview --debug","Env":"api.fynd.com","Node":"v22.11.0","OS":"darwin","cli":"v6.2.4","level":"warn","message":"Retrying to connect tunnel...","timestamp":"2024-12-06 13:12:50"}
{"Command":"extension preview --debug","Env":"api.fynd.com","Node":"v22.11.0","OS":"darwin","cli":"v6.2.4","level":"warn","message":"Retrying to connect tunnel...","timestamp":"2024-12-06 13:13:45"}
{"Command":"extension preview --debug","Env":"api.fynd.com","Node":"v22.11.0","OS":"darwin","cli":"v6.2.4","level":"warn","message":"Retrying to connect tunnel...","timestamp":"2024-12-06 13:19:23"}
{"Command":"extension preview --debug","Env":"api.fynd.com","Node":"v22.11.0","OS":"darwin","cli":"v6.2.4","level":"warn","message":"Retrying to connect tunnel...","timestamp":"2024-12-06 13:23:16"}
{"Command":"extension preview --debug","Env":"api.fynd.com","Node":"v22.11.0","OS":"darwin","cli":"v6.2.4","level":"warn","message":"Retrying to connect tunnel...","timestamp":"2024-12-06 13:27:20"}
{"Command":"extension preview --debug","Env":"api.fynd.com","Node":"v22.11.0","OS":"darwin","cli":"v6.2.4","level":"warn","message":"Retrying to connect tunnel...","timestamp":"2024-12-06 13:28:12"}
{"Command":"extension preview --debug","Env":"api.fynd.com","Node":"v22.11.0","OS":"darwin","cli":"v6.2.4","level":"warn","message":"Retrying to connect tunnel...","timestamp":"2024-12-06 13:31:50"}
{"Command":"extension preview --debug","Env":"api.fynd.com","Node":"v22.11.0","OS":"darwin","cli":"v6.2.4","level":"warn","message":"Retrying to connect tunnel...","timestamp":"2024-12-06 13:33:47"}
{"Command":"extension preview --debug","Env":"api.fynd.com","Node":"v22.11.0","OS":"darwin","cli":"v6.2.4","level":"warn","message":"Retrying to connect tunnel...","timestamp":"2024-12-06 13:37:15"}
{"Command":"extension preview --debug","Env":"api.fynd.com","Node":"v22.11.0","OS":"darwin","cli":"v6.2.4","level":"warn","message":"Retrying to connect tunnel...","timestamp":"2024-12-06 13:40:26"}
{"Command":"extension preview --debug","Env":"api.fynd.com","Node":"v22.11.0","OS":"darwin","cli":"v6.2.4","level":"warn","message":"Retrying to connect tunnel...","timestamp":"2024-12-06 13:45:31"}
{"Command":"extension preview --debug","Env":"api.fynd.com","Node":"v22.11.0","OS":"darwin","cli":"v6.2.4","level":"warn","message":"Retrying to connect tunnel...","timestamp":"2024-12-06 13:49:49"}
{"Command":"extension preview --debug","Env":"api.fynd.com","Node":"v22.11.0","OS":"darwin","cli":"v6.2.4","level":"warn","message":"Retrying to connect tunnel...","timestamp":"2024-12-06 13:59:45"}
{"Command":"extension preview --debug","Env":"api.fynd.com","Node":"v22.11.0","OS":"darwin","cli":"v6.2.4","level":"warn","message":"Retrying to connect tunnel...","timestamp":"2024-12-06 14:05:19"}
{"Command":"extension preview --debug","Env":"api.fynd.com","Node":"v22.11.0","OS":"darwin","cli":"v6.2.4","level":"warn","message":"Retrying to connect tunnel...","timestamp":"2024-12-06 14:12:40"}
{"Command":"extension preview --debug","Env":"api.fynd.com","Node":"v22.11.0","OS":"darwin","cli":"v6.2.4","level":"warn","message":"Retrying to connect tunnel...","timestamp":"2024-12-06 14:16:24"}
{"Command":"extension preview --debug","Env":"api.fynd.com","Node":"v22.11.0","OS":"darwin","cli":"v6.2.4","level":"warn","message":"Retrying to connect tunnel...","timestamp":"2024-12-06 14:19:38"}
{"Command":"extension preview --debug","Env":"api.fynd.com","Node":"v22.11.0","OS":"darwin","cli":"v6.2.4","level":"warn","message":"Retrying to connect tunnel...","timestamp":"2024-12-06 14:21:22"}
{"Command":"extension preview --debug","Env":"api.fynd.com","Node":"v22.11.0","OS":"darwin","cli":"v6.2.4","level":"warn","message":"Retrying to connect tunnel...","timestamp":"2024-12-06 14:22:13"}
{"Command":"extension preview --debug","Env":"api.fynd.com","Node":"v22.11.0","OS":"darwin","cli":"v6.2.4","level":"warn","message":"Retrying to connect tunnel...","timestamp":"2024-12-06 14:23:50"}
{"Command":"extension preview --debug","Env":"api.fynd.com","Node":"v22.11.0","OS":"darwin","cli":"v6.2.4","level":"warn","message":"Retrying to connect tunnel...","timestamp":"2024-12-06 14:25:33"}
{"Command":"extension preview --debug","Env":"api.fynd.com","Node":"v22.11.0","OS":"darwin","cli":"v6.2.4","level":"warn","message":"Retrying to connect tunnel...","timestamp":"2024-12-06 14:31:00"}
{"Command":"extension preview --debug","Env":"api.fynd.com","Node":"v22.11.0","OS":"darwin","cli":"v6.2.4","level":"warn","message":"Retrying to connect tunnel...","timestamp":"2024-12-06 14:32:08"}
{"Command":"extension preview --debug","Env":"api.fynd.com","Node":"v22.11.0","OS":"darwin","cli":"v6.2.4","level":"warn","message":"Retrying to connect tunnel...","timestamp":"2024-12-06 14:35:51"}
{"Command":"extension preview --debug","Env":"api.fynd.com","Node":"v22.11.0","OS":"darwin","cli":"v6.2.4","level":"warn","message":"Retrying to connect tunnel...","timestamp":"2024-12-06 14:38:51"}
{"Command":"extension preview --debug","Env":"api.fynd.com","Node":"v22.11.0","OS":"darwin","cli":"v6.2.4","level":"warn","message":"Retrying to connect tunnel...","timestamp":"2024-12-06 14:40:27"}
{"Command":"extension preview --debug","Env":"api.fynd.com","Node":"v22.11.0","OS":"darwin","cli":"v6.2.4","level":"warn","message":"Retrying to connect tunnel...","timestamp":"2024-12-06 14:41:22"}
{"Command":"extension preview --debug","Env":"api.fynd.com","Node":"v22.11.0","OS":"darwin","cli":"v6.2.4","level":"warn","message":"Retrying to connect tunnel...","timestamp":"2024-12-06 14:54:22"}
{"Command":"extension preview --debug","Env":"api.fynd.com","Node":"v22.11.0","OS":"darwin","cli":"v6.2.4","level":"warn","message":"Retrying to connect tunnel...","timestamp":"2024-12-06 15:06:05"}
{"Command":"extension preview --debug","Env":"api.fynd.com","Node":"v22.11.0","OS":"darwin","cli":"v6.2.4","level":"warn","message":"Retrying to connect tunnel...","timestamp":"2024-12-06 15:14:07"}
{"Command":"extension preview --debug","Env":"api.fynd.com","Node":"v22.11.0","OS":"darwin","cli":"v6.2.4","level":"warn","message":"Retrying to connect tunnel...","timestamp":"2024-12-06 15:17:49"}
{"Command":"extension preview --debug","Env":"api.fynd.com","Node":"v22.11.0","OS":"darwin","cli":"v6.2.4","level":"warn","message":"Retrying to connect tunnel...","timestamp":"2024-12-06 15:22:21"}
{"Command":"extension preview --debug","Env":"api.fynd.com","Node":"v22.11.0","OS":"darwin","cli":"v6.2.4","level":"warn","message":"Retrying to connect tunnel...","timestamp":"2024-12-06 15:26:11"}
{"Command":"extension preview --debug","Env":"api.fynd.com","Node":"v22.11.0","OS":"darwin","cli":"v6.2.4","level":"warn","message":"Retrying to connect tunnel...","timestamp":"2024-12-06 15:29:28"}
{"Command":"extension preview --debug","Env":"api.fynd.com","Node":"v22.11.0","OS":"darwin","cli":"v6.2.4","level":"warn","message":"Retrying to connect tunnel...","timestamp":"2024-12-06 15:30:20"}
{"Command":"extension preview --debug","Env":"api.fynd.com","Node":"v22.11.0","OS":"darwin","cli":"v6.2.4","level":"warn","message":"Retrying to connect tunnel...","timestamp":"2024-12-06 15:32:34"}
{"Command":"extension preview --debug","Env":"api.fynd.com","Node":"v22.11.0","OS":"darwin","cli":"v6.2.4","level":"warn","message":"Retrying to connect tunnel...","timestamp":"2024-12-06 15:37:37"}
{"Command":"extension preview --debug","Env":"api.fynd.com","Node":"v22.11.0","OS":"darwin","cli":"v6.2.4","level":"warn","message":"Retrying to connect tunnel...","timestamp":"2024-12-06 15:42:03"}
{"Command":"extension preview --debug","Env":"api.fynd.com","Node":"v22.11.0","OS":"darwin","cli":"v6.2.4","level":"warn","message":"Retrying to connect tunnel...","timestamp":"2024-12-06 15:47:00"}
{"Command":"extension preview --debug","Env":"api.fynd.com","Node":"v22.11.0","OS":"darwin","cli":"v6.2.4","level":"warn","message":"Retrying to connect tunnel...","timestamp":"2024-12-06 15:47:45"}
{"Command":"extension preview --debug","Env":"api.fynd.com","Node":"v22.11.0","OS":"darwin","cli":"v6.2.4","level":"warn","message":"Retrying to connect tunnel...","timestamp":"2024-12-06 15:48:51"}
{"Command":"extension preview --debug","Env":"api.fynd.com","Node":"v22.11.0","OS":"darwin","cli":"v6.2.4","level":"warn","message":"Retrying to connect tunnel...","timestamp":"2024-12-06 15:53:57"}
{"Command":"extension preview --debug","Env":"api.fynd.com","Node":"v22.11.0","OS":"darwin","cli":"v6.2.4","level":"warn","message":"Retrying to connect tunnel...","timestamp":"2024-12-06 15:56:57"}
{"Command":"extension preview --debug","Env":"api.fynd.com","Node":"v22.11.0","OS":"darwin","cli":"v6.2.4","level":"warn","message":"Retrying to connect tunnel...","timestamp":"2024-12-06 15:59:21"}
{"Command":"extension preview --debug","Env":"api.fynd.com","Node":"v22.11.0","OS":"darwin","cli":"v6.2.4","level":"warn","message":"Retrying to connect tunnel...","timestamp":"2024-12-06 16:01:15"}
{"Command":"extension preview --debug","Env":"api.fynd.com","Node":"v22.11.0","OS":"darwin","cli":"v6.2.4","level":"warn","message":"Retrying to connect tunnel...","timestamp":"2024-12-06 16:02:07"}
{"Command":"extension preview --debug","Env":"api.fynd.com","Node":"v22.11.0","OS":"darwin","cli":"v6.2.4","level":"warn","message":"Retrying to connect tunnel...","timestamp":"2024-12-06 16:04:36"}
{"Command":"extension preview --debug","Env":"api.fynd.com","Node":"v22.11.0","OS":"darwin","cli":"v6.2.4","level":"warn","message":"Retrying to connect tunnel...","timestamp":"2024-12-06 16:09:06"}
{"Command":"extension preview --debug","Env":"api.fynd.com","Node":"v22.11.0","OS":"darwin","cli":"v6.2.4","level":"warn","message":"Retrying to connect tunnel...","timestamp":"2024-12-06 16:12:38"}
{"Command":"extension preview --debug","Env":"api.fynd.com","Node":"v22.11.0","OS":"darwin","cli":"v6.2.4","level":"warn","message":"Retrying to connect tunnel...","timestamp":"2024-12-06 16:16:42"}
{"Command":"extension preview --debug","Env":"api.fynd.com","Node":"v22.11.0","OS":"darwin","cli":"v6.2.4","level":"warn","message":"Retrying to connect tunnel...","timestamp":"2024-12-06 16:22:17"}
{"Command":"extension preview --debug","Env":"api.fynd.com","Node":"v22.11.0","OS":"darwin","cli":"v6.2.4","level":"warn","message":"Retrying to connect tunnel...","timestamp":"2024-12-06 16:25:27"}
{"Command":"extension preview --debug","Env":"api.fynd.com","Node":"v22.11.0","OS":"darwin","cli":"v6.2.4","level":"warn","message":"Retrying to connect tunnel...","timestamp":"2024-12-06 16:25:35"}
{"Command":"extension preview --debug","Env":"api.fynd.com","Node":"v22.11.0","OS":"darwin","cli":"v6.2.4","level":"warn","message":"Retrying to connect tunnel...","timestamp":"2024-12-06 16:28:49"}
{"Command":"extension preview --debug","Env":"api.fynd.com","Node":"v22.11.0","OS":"darwin","cli":"v6.2.4","level":"warn","message":"Retrying to connect tunnel...","timestamp":"2024-12-06 16:33:26"}
{"Command":"extension preview --debug","Env":"api.fynd.com","Node":"v22.11.0","OS":"darwin","cli":"v6.2.4","level":"warn","message":"Retrying to connect tunnel...","timestamp":"2024-12-06 16:36:50"}
{"Command":"extension preview --debug","Env":"api.fynd.com","Node":"v22.11.0","OS":"darwin","cli":"v6.2.4","level":"warn","message":"Retrying to connect tunnel...","timestamp":"2024-12-06 16:41:41"}
{"Command":"extension preview --debug","Env":"api.fynd.com","Node":"v22.11.0","OS":"darwin","cli":"v6.2.4","level":"warn","message":"Retrying to connect tunnel...","timestamp":"2024-12-06 16:45:45"}
{"Command":"extension preview --debug","Env":"api.fynd.com","Node":"v22.11.0","OS":"darwin","cli":"v6.2.4","level":"warn","message":"Retrying to connect tunnel...","timestamp":"2024-12-06 16:49:05"}
{"Command":"extension preview --debug","Env":"api.fynd.com","Node":"v22.11.0","OS":"darwin","cli":"v6.2.4","level":"warn","message":"Retrying to connect tunnel...","timestamp":"2024-12-06 16:54:20"}
{"Command":"extension preview --debug","Env":"api.fynd.com","Node":"v22.11.0","OS":"darwin","cli":"v6.2.4","level":"warn","message":"Retrying to connect tunnel...","timestamp":"2024-12-06 16:57:17"}
{"Command":"extension preview --debug","Env":"api.fynd.com","Node":"v22.11.0","OS":"darwin","cli":"v6.2.4","level":"warn","message":"Retrying to connect tunnel...","timestamp":"2024-12-06 16:58:45"}
{"Command":"extension preview --debug","Env":"api.fynd.com","Node":"v22.11.0","OS":"darwin","cli":"v6.2.4","level":"warn","message":"Retrying to connect tunnel...","timestamp":"2024-12-06 17:00:26"}
{"Command":"extension preview --debug","Env":"api.fynd.com","Node":"v22.11.0","OS":"darwin","cli":"v6.2.4","level":"warn","message":"Retrying to connect tunnel...","timestamp":"2024-12-06 17:01:31"}
{"Command":"extension preview --debug","Env":"api.fynd.com","Node":"v22.11.0","OS":"darwin","cli":"v6.2.4","level":"warn","message":"Retrying to connect tunnel...","timestamp":"2024-12-06 17:06:44"}
{"Command":"extension preview --debug","Env":"api.fynd.com","Node":"v22.11.0","OS":"darwin","cli":"v6.2.4","level":"warn","message":"Retrying to connect tunnel...","timestamp":"2024-12-06 17:07:30"}
{"Command":"extension preview --debug","Env":"api.fynd.com","Node":"v22.11.0","OS":"darwin","cli":"v6.2.4","level":"warn","message":"Retrying to connect tunnel...","timestamp":"2024-12-06 17:07:48"}
{"Command":"extension preview --debug","Env":"api.fynd.com","Node":"v22.11.0","OS":"darwin","cli":"v6.2.4","level":"warn","message":"Retrying to connect tunnel...","timestamp":"2024-12-06 17:11:00"}
{"Command":"extension preview --debug","Env":"api.fynd.com","Node":"v22.11.0","OS":"darwin","cli":"v6.2.4","level":"warn","message":"Retrying to connect tunnel...","timestamp":"2024-12-06 17:14:32"}
{"Command":"extension preview --debug","Env":"api.fynd.com","Node":"v22.11.0","OS":"darwin","cli":"v6.2.4","level":"warn","message":"Retrying to connect tunnel...","timestamp":"2024-12-06 17:17:02"}
{"Command":"extension preview --debug","Env":"api.fynd.com","Node":"v22.11.0","OS":"darwin","cli":"v6.2.4","level":"warn","message":"Retrying to connect tunnel...","timestamp":"2024-12-06 17:22:26"}
{"Command":"extension preview --debug","Env":"api.fynd.com","Node":"v22.11.0","OS":"darwin","cli":"v6.2.4","level":"warn","message":"Retrying to connect tunnel...","timestamp":"2024-12-06 17:25:41"}
{"Command":"extension preview --debug","Env":"api.fynd.com","Node":"v22.11.0","OS":"darwin","cli":"v6.2.4","level":"warn","message":"Retrying to connect tunnel...","timestamp":"2024-12-06 17:28:58"}
{"Command":"extension preview --debug","Env":"api.fynd.com","Node":"v22.11.0","OS":"darwin","cli":"v6.2.4","level":"warn","message":"Retrying to connect tunnel...","timestamp":"2024-12-06 17:30:32"}
{"Command":"extension preview --debug","Env":"api.fynd.com","Node":"v22.11.0","OS":"darwin","cli":"v6.2.4","level":"warn","message":"Retrying to connect tunnel...","timestamp":"2024-12-06 17:33:58"}
{"Command":"extension preview --debug","Env":"api.fynd.com","Node":"v22.11.0","OS":"darwin","cli":"v6.2.4","level":"warn","message":"Retrying to connect tunnel...","timestamp":"2024-12-06 17:38:31"}
{"Command":"extension preview --debug","Env":"api.fynd.com","Node":"v22.11.0","OS":"darwin","cli":"v6.2.4","level":"warn","message":"Retrying to connect tunnel...","timestamp":"2024-12-06 17:40:22"}
{"Command":"extension preview --debug","Env":"api.fynd.com","Node":"v22.11.0","OS":"darwin","cli":"v6.2.4","level":"warn","message":"Retrying to connect tunnel...","timestamp":"2024-12-06 17:43:25"}
{"Command":"extension preview --debug","Env":"api.fynd.com","Node":"v22.11.0","OS":"darwin","cli":"v6.2.4","level":"warn","message":"Retrying to connect tunnel...","timestamp":"2024-12-06 17:44:23"}
{"Command":"extension preview --debug","Env":"api.fynd.com","Node":"v22.11.0","OS":"darwin","cli":"v6.2.4","level":"warn","message":"Retrying to connect tunnel...","timestamp":"2024-12-06 17:47:06"}
{"Command":"extension preview --debug","Env":"api.fynd.com","Node":"v22.11.0","OS":"darwin","cli":"v6.2.4","level":"warn","message":"Retrying to connect tunnel...","timestamp":"2024-12-06 17:48:09"}
{"Command":"extension preview --debug","Env":"api.fynd.com","Node":"v22.11.0","OS":"darwin","cli":"v6.2.4","level":"warn","message":"Retrying to connect tunnel...","timestamp":"2024-12-06 17:49:09"}
{"Command":"extension preview --debug","Env":"api.fynd.com","Node":"v22.11.0","OS":"darwin","cli":"v6.2.4","level":"warn","message":"Retrying to connect tunnel...","timestamp":"2024-12-06 17:50:47"}
{"Command":"extension preview --debug","Env":"api.fynd.com","Node":"v22.11.0","OS":"darwin","cli":"v6.2.4","level":"warn","message":"Retrying to connect tunnel...","timestamp":"2024-12-06 17:51:33"}
